# JRE version: OpenJDK Runtime Environment Temurin-21.0.8+9 (21.0.8+9) (build 21.0.8+9-LTS)
# Java VM: OpenJDK 64-Bit Server VM Temurin-21.0.8+9 (21.0.8+9-LTS, mixed mode, sharing, tiered, compressed oops, compressed class ptrs, parallel gc, windows-amd64)
GC Precious Log:
 CardTable entry size: 512
 CPUs: 12 total, 12 available
 Memory: 7520M
 Large Page Support: Disabled
 NUMA Support: Disabled
 Compressed Oops: Enabled (32-bit)
 Alignments: Space 512K, Generation 512K, Heap 2M
 Heap Min Capacity: 100M
 Heap Initial Capacity: 100M
 Heap Max Capacity: 2G
 Pre-touch: Disabled
 Parallel Workers: 10
Heap:
 PSYoungGen      total 5632K, used 568K [0x00000000d5580000, 0x00000000d5c00000, 0x0000000100000000)
  eden space 5120K, 7% used [0x00000000d5580000,0x00000000d55de170,0x00000000d5a80000)
  from space 512K, 37% used [0x00000000d5b80000,0x00000000d5bb0000,0x00000000d5c00000)
  to   space 512K, 0% used [0x00000000d5b00000,0x00000000d5b00000,0x00000000d5b80000)
 ParOldGen       total 651776K, used 245624K [0x0000000080000000, 0x00000000a7c80000, 0x00000000d5580000)
  object space 651776K, 37% used [0x0000000080000000,0x000000008efde230,0x00000000a7c80000)
 Metaspace       used 78351K, committed 80000K, reserved 1179648K
  class space    used 8126K, committed 8832K, reserved 1048576K
GC Heap History (20 events):
Event: 930.791 GC heap before
{Heap before GC invocations=715 (full 4):
 PSYoungGen      total 6144K, used 4998K [0x00000000d5580000, 0x00000000d5d00000, 0x0000000100000000)
  eden space 5120K, 85% used [0x00000000d5580000,0x00000000d59c9a88,0x00000000d5a80000)
  from space 1024K, 59% used [0x00000000d5b80000,0x00000000d5c18000,0x00000000d5c80000)
  to   space 1024K, 0% used [0x00000000d5a80000,0x00000000d5a80000,0x00000000d5b80000)
 ParOldGen       total 651776K, used 244320K [0x0000000080000000, 0x00000000a7c80000, 0x00000000d5580000)
  object space 651776K, 37% used [0x0000000080000000,0x000000008ee983e0,0x00000000a7c80000)
 Metaspace       used 78223K, committed 79808K, reserved 1179648K
  class space    used 8125K, committed 8832K, reserved 1048576K
}
Event: 930.793 GC heap after
{Heap after GC invocations=715 (full 4):
 PSYoungGen      total 6144K, used 160K [0x00000000d5580000, 0x00000000d5c00000, 0x0000000100000000)
  eden space 5120K, 0% used [0x00000000d5580000,0x00000000d5580000,0x00000000d5a80000)
  from space 1024K, 15% used [0x00000000d5a80000,0x00000000d5aa8000,0x00000000d5b80000)
  to   space 512K, 0% used [0x00000000d5b80000,0x00000000d5b80000,0x00000000d5c00000)
 ParOldGen       total 651776K, used 244544K [0x0000000080000000, 0x00000000a7c80000, 0x00000000d5580000)
  object space 651776K, 37% used [0x0000000080000000,0x000000008eed03e0,0x00000000a7c80000)
 Metaspace       used 78223K, committed 79808K, reserved 1179648K
  class space    used 8125K, committed 8832K, reserved 1048576K
}
Event: 930.809 GC heap before
{Heap before GC invocations=716 (full 4):
 PSYoungGen      total 6144K, used 5280K [0x00000000d5580000, 0x00000000d5c00000, 0x0000000100000000)
  eden space 5120K, 100% used [0x00000000d5580000,0x00000000d5a80000,0x00000000d5a80000)
  from space 1024K, 15% used [0x00000000d5a80000,0x00000000d5aa8000,0x00000000d5b80000)
  to   space 512K, 0% used [0x00000000d5b80000,0x00000000d5b80000,0x00000000d5c00000)
 ParOldGen       total 651776K, used 244544K [0x0000000080000000, 0x00000000a7c80000, 0x00000000d5580000)
  object space 651776K, 37% used [0x0000000080000000,0x000000008eed03e0,0x00000000a7c80000)
 Metaspace       used 78223K, committed 79808K, reserved 1179648K
  class space    used 8125K, committed 8832K, reserved 1048576K
}
Event: 930.811 GC heap after
{Heap after GC invocations=716 (full 4):
 PSYoungGen      total 5632K, used 320K [0x00000000d5580000, 0x00000000d5c00000, 0x0000000100000000)
  eden space 5120K, 0% used [0x00000000d5580000,0x00000000d5580000,0x00000000d5a80000)
  from space 512K, 62% used [0x00000000d5b80000,0x00000000d5bd0000,0x00000000d5c00000)
  to   space 512K, 0% used [0x00000000d5b00000,0x00000000d5b00000,0x00000000d5b80000)
 ParOldGen       total 651776K, used 244631K [0x0000000080000000, 0x00000000a7c80000, 0x00000000d5580000)
  object space 651776K, 37% used [0x0000000080000000,0x000000008eee5e20,0x00000000a7c80000)
 Metaspace       used 78223K, committed 79808K, reserved 1179648K
  class space    used 8125K, committed 8832K, reserved 1048576K
}
Event: 931.835 GC heap before
{Heap before GC invocations=717 (full 4):
 PSYoungGen      total 5632K, used 5440K [0x00000000d5580000, 0x00000000d5c00000, 0x0000000100000000)
  eden space 5120K, 100% used [0x00000000d5580000,0x00000000d5a80000,0x00000000d5a80000)
  from space 512K, 62% used [0x00000000d5b80000,0x00000000d5bd0000,0x00000000d5c00000)
  to   space 512K, 0% used [0x00000000d5b00000,0x00000000d5b00000,0x00000000d5b80000)
 ParOldGen       total 651776K, used 244631K [0x0000000080000000, 0x00000000a7c80000, 0x00000000d5580000)
  object space 651776K, 37% used [0x0000000080000000,0x000000008eee5e20,0x00000000a7c80000)
 Metaspace       used 78241K, committed 79872K, reserved 1179648K
  class space    used 8125K, committed 8832K, reserved 1048576K
}
Event: 931.848 GC heap after
{Heap after GC invocations=717 (full 4):
 PSYoungGen      total 5632K, used 512K [0x00000000d5580000, 0x00000000d5c80000, 0x0000000100000000)
  eden space 5120K, 0% used [0x00000000d5580000,0x00000000d5580000,0x00000000d5a80000)
  from space 512K, 100% used [0x00000000d5b00000,0x00000000d5b80000,0x00000000d5b80000)
  to   space 1024K, 0% used [0x00000000d5b80000,0x00000000d5b80000,0x00000000d5c80000)
 ParOldGen       total 651776K, used 244871K [0x0000000080000000, 0x00000000a7c80000, 0x00000000d5580000)
  object space 651776K, 37% used [0x0000000080000000,0x000000008ef21e20,0x00000000a7c80000)
 Metaspace       used 78241K, committed 79872K, reserved 1179648K
  class space    used 8125K, committed 8832K, reserved 1048576K
}
Event: 934.633 GC heap before
{Heap before GC invocations=718 (full 4):
 PSYoungGen      total 5632K, used 5632K [0x00000000d5580000, 0x00000000d5c80000, 0x0000000100000000)
  eden space 5120K, 100% used [0x00000000d5580000,0x00000000d5a80000,0x00000000d5a80000)
  from space 512K, 100% used [0x00000000d5b00000,0x00000000d5b80000,0x00000000d5b80000)
  to   space 1024K, 0% used [0x00000000d5b80000,0x00000000d5b80000,0x00000000d5c80000)
 ParOldGen       total 651776K, used 244871K [0x0000000080000000, 0x00000000a7c80000, 0x00000000d5580000)
  object space 651776K, 37% used [0x0000000080000000,0x000000008ef21e20,0x00000000a7c80000)
 Metaspace       used 78263K, committed 79872K, reserved 1179648K
  class space    used 8126K, committed 8832K, reserved 1048576K
}
Event: 934.635 GC heap after
{Heap after GC invocations=718 (full 4):
 PSYoungGen      total 5632K, used 160K [0x00000000d5580000, 0x00000000d5c00000, 0x0000000100000000)
  eden space 5120K, 0% used [0x00000000d5580000,0x00000000d5580000,0x00000000d5a80000)
  from space 512K, 31% used [0x00000000d5b80000,0x00000000d5ba8000,0x00000000d5c00000)
  to   space 512K, 0% used [0x00000000d5b00000,0x00000000d5b00000,0x00000000d5b80000)
 ParOldGen       total 651776K, used 245408K [0x0000000080000000, 0x00000000a7c80000, 0x00000000d5580000)
  object space 651776K, 37% used [0x0000000080000000,0x000000008efa8230,0x00000000a7c80000)
 Metaspace       used 78263K, committed 79872K, reserved 1179648K
  class space    used 8126K, committed 8832K, reserved 1048576K
}
Event: 937.068 GC heap before
{Heap before GC invocations=719 (full 4):
 PSYoungGen      total 5632K, used 5280K [0x00000000d5580000, 0x00000000d5c00000, 0x0000000100000000)
  eden space 5120K, 100% used [0x00000000d5580000,0x00000000d5a80000,0x00000000d5a80000)
  from space 512K, 31% used [0x00000000d5b80000,0x00000000d5ba8000,0x00000000d5c00000)
  to   space 512K, 0% used [0x00000000d5b00000,0x00000000d5b00000,0x00000000d5b80000)
 ParOldGen       total 651776K, used 245408K [0x0000000080000000, 0x00000000a7c80000, 0x00000000d5580000)
  object space 651776K, 37% used [0x0000000080000000,0x000000008efa8230,0x00000000a7c80000)
 Metaspace       used 78276K, committed 79872K, reserved 1179648K
  class space    used 8126K, committed 8832K, reserved 1048576K
}
Event: 937.069 GC heap after
{Heap after GC invocations=719 (full 4):
 PSYoungGen      total 5632K, used 192K [0x00000000d5580000, 0x00000000d5c00000, 0x0000000100000000)
  eden space 5120K, 0% used [0x00000000d5580000,0x00000000d5580000,0x00000000d5a80000)
  from space 512K, 37% used [0x00000000d5b00000,0x00000000d5b30000,0x00000000d5b80000)
  to   space 512K, 0% used [0x00000000d5b80000,0x00000000d5b80000,0x00000000d5c00000)
 ParOldGen       total 651776K, used 245448K [0x0000000080000000, 0x00000000a7c80000, 0x00000000d5580000)
  object space 651776K, 37% used [0x0000000080000000,0x000000008efb2230,0x00000000a7c80000)
 Metaspace       used 78276K, committed 79872K, reserved 1179648K
  class space    used 8126K, committed 8832K, reserved 1048576K
}
Event: 939.050 GC heap before
{Heap before GC invocations=720 (full 4):
 PSYoungGen      total 5632K, used 5312K [0x00000000d5580000, 0x00000000d5c00000, 0x0000000100000000)
  eden space 5120K, 100% used [0x00000000d5580000,0x00000000d5a80000,0x00000000d5a80000)
  from space 512K, 37% used [0x00000000d5b00000,0x00000000d5b30000,0x00000000d5b80000)
  to   space 512K, 0% used [0x00000000d5b80000,0x00000000d5b80000,0x00000000d5c00000)
 ParOldGen       total 651776K, used 245448K [0x0000000080000000, 0x00000000a7c80000, 0x00000000d5580000)
  object space 651776K, 37% used [0x0000000080000000,0x000000008efb2230,0x00000000a7c80000)
 Metaspace       used 78281K, committed 79872K, reserved 1179648K
  class space    used 8126K, committed 8832K, reserved 1048576K
}
Event: 939.051 GC heap after
{Heap after GC invocations=720 (full 4):
 PSYoungGen      total 5632K, used 320K [0x00000000d5580000, 0x00000000d5c00000, 0x0000000100000000)
  eden space 5120K, 0% used [0x00000000d5580000,0x00000000d5580000,0x00000000d5a80000)
  from space 512K, 62% used [0x00000000d5b80000,0x00000000d5bd0000,0x00000000d5c00000)
  to   space 512K, 0% used [0x00000000d5b00000,0x00000000d5b00000,0x00000000d5b80000)
 ParOldGen       total 651776K, used 245448K [0x0000000080000000, 0x00000000a7c80000, 0x00000000d5580000)
  object space 651776K, 37% used [0x0000000080000000,0x000000008efb2230,0x00000000a7c80000)
 Metaspace       used 78281K, committed 79872K, reserved 1179648K
  class space    used 8126K, committed 8832K, reserved 1048576K
}
Event: 941.163 GC heap before
{Heap before GC invocations=721 (full 4):
 PSYoungGen      total 5632K, used 5440K [0x00000000d5580000, 0x00000000d5c00000, 0x0000000100000000)
  eden space 5120K, 100% used [0x00000000d5580000,0x00000000d5a80000,0x00000000d5a80000)
  from space 512K, 62% used [0x00000000d5b80000,0x00000000d5bd0000,0x00000000d5c00000)
  to   space 512K, 0% used [0x00000000d5b00000,0x00000000d5b00000,0x00000000d5b80000)
 ParOldGen       total 651776K, used 245448K [0x0000000080000000, 0x00000000a7c80000, 0x00000000d5580000)
  object space 651776K, 37% used [0x0000000080000000,0x000000008efb2230,0x00000000a7c80000)
 Metaspace       used 78283K, committed 79872K, reserved 1179648K
  class space    used 8126K, committed 8832K, reserved 1048576K
}
Event: 941.164 GC heap after
{Heap after GC invocations=721 (full 4):
 PSYoungGen      total 5632K, used 288K [0x00000000d5580000, 0x00000000d5c00000, 0x0000000100000000)
  eden space 5120K, 0% used [0x00000000d5580000,0x00000000d5580000,0x00000000d5a80000)
  from space 512K, 56% used [0x00000000d5b00000,0x00000000d5b48000,0x00000000d5b80000)
  to   space 512K, 0% used [0x00000000d5b80000,0x00000000d5b80000,0x00000000d5c00000)
 ParOldGen       total 651776K, used 245504K [0x0000000080000000, 0x00000000a7c80000, 0x00000000d5580000)
  object space 651776K, 37% used [0x0000000080000000,0x000000008efc0230,0x00000000a7c80000)
 Metaspace       used 78283K, committed 79872K, reserved 1179648K
  class space    used 8126K, committed 8832K, reserved 1048576K
}
Event: 3264.267 GC heap before
{Heap before GC invocations=722 (full 4):
 PSYoungGen      total 5632K, used 5408K [0x00000000d5580000, 0x00000000d5c00000, 0x0000000100000000)
  eden space 5120K, 100% used [0x00000000d5580000,0x00000000d5a80000,0x00000000d5a80000)
  from space 512K, 56% used [0x00000000d5b00000,0x00000000d5b48000,0x00000000d5b80000)
  to   space 512K, 0% used [0x00000000d5b80000,0x00000000d5b80000,0x00000000d5c00000)
 ParOldGen       total 651776K, used 245504K [0x0000000080000000, 0x00000000a7c80000, 0x00000000d5580000)
  object space 651776K, 37% used [0x0000000080000000,0x000000008efc0230,0x00000000a7c80000)
 Metaspace       used 78304K, committed 79936K, reserved 1179648K
  class space    used 8126K, committed 8832K, reserved 1048576K
}
Event: 3264.341 GC heap after
{Heap after GC invocations=722 (full 4):
 PSYoungGen      total 5632K, used 256K [0x00000000d5580000, 0x00000000d5c00000, 0x0000000100000000)
  eden space 5120K, 0% used [0x00000000d5580000,0x00000000d5580000,0x00000000d5a80000)
  from space 512K, 50% used [0x00000000d5b80000,0x00000000d5bc0000,0x00000000d5c00000)
  to   space 512K, 0% used [0x00000000d5b00000,0x00000000d5b00000,0x00000000d5b80000)
 ParOldGen       total 651776K, used 245536K [0x0000000080000000, 0x00000000a7c80000, 0x00000000d5580000)
  object space 651776K, 37% used [0x0000000080000000,0x000000008efc8230,0x00000000a7c80000)
 Metaspace       used 78304K, committed 79936K, reserved 1179648K
  class space    used 8126K, committed 8832K, reserved 1048576K
}
Event: 14777.261 GC heap before
{Heap before GC invocations=723 (full 4):
 PSYoungGen      total 5632K, used 5376K [0x00000000d5580000, 0x00000000d5c00000, 0x0000000100000000)
  eden space 5120K, 100% used [0x00000000d5580000,0x00000000d5a80000,0x00000000d5a80000)
  from space 512K, 50% used [0x00000000d5b80000,0x00000000d5bc0000,0x00000000d5c00000)
  to   space 512K, 0% used [0x00000000d5b00000,0x00000000d5b00000,0x00000000d5b80000)
 ParOldGen       total 651776K, used 245536K [0x0000000080000000, 0x00000000a7c80000, 0x00000000d5580000)
  object space 651776K, 37% used [0x0000000080000000,0x000000008efc8230,0x00000000a7c80000)
 Metaspace       used 78343K, committed 80000K, reserved 1179648K
  class space    used 8126K, committed 8832K, reserved 1048576K
}
Event: 14777.314 GC heap after
{Heap after GC invocations=723 (full 4):
 PSYoungGen      total 5632K, used 288K [0x00000000d5580000, 0x00000000d5c00000, 0x0000000100000000)
  eden space 5120K, 0% used [0x00000000d5580000,0x00000000d5580000,0x00000000d5a80000)
  from space 512K, 56% used [0x00000000d5b00000,0x00000000d5b48000,0x00000000d5b80000)
  to   space 512K, 0% used [0x00000000d5b80000,0x00000000d5b80000,0x00000000d5c00000)
 ParOldGen       total 651776K, used 245600K [0x0000000080000000, 0x00000000a7c80000, 0x00000000d5580000)
  object space 651776K, 37% used [0x0000000080000000,0x000000008efd8230,0x00000000a7c80000)
 Metaspace       used 78343K, committed 80000K, reserved 1179648K
  class space    used 8126K, committed 8832K, reserved 1048576K
}
Event: 26892.277 GC heap before
{Heap before GC invocations=724 (full 4):
 PSYoungGen      total 5632K, used 5408K [0x00000000d5580000, 0x00000000d5c00000, 0x0000000100000000)
  eden space 5120K, 100% used [0x00000000d5580000,0x00000000d5a80000,0x00000000d5a80000)
  from space 512K, 56% used [0x00000000d5b00000,0x00000000d5b48000,0x00000000d5b80000)
  to   space 512K, 0% used [0x00000000d5b80000,0x00000000d5b80000,0x00000000d5c00000)
 ParOldGen       total 651776K, used 245600K [0x0000000080000000, 0x00000000a7c80000, 0x00000000d5580000)
  object space 651776K, 37% used [0x0000000080000000,0x000000008efd8230,0x00000000a7c80000)
 Metaspace       used 78351K, committed 80000K, reserved 1179648K
  class space    used 8126K, committed 8832K, reserved 1048576K
}
Event: 26892.329 GC heap after
{Heap after GC invocations=724 (full 4):
 PSYoungGen      total 5632K, used 192K [0x00000000d5580000, 0x00000000d5c00000, 0x0000000100000000)
  eden space 5120K, 0% used [0x00000000d5580000,0x00000000d5580000,0x00000000d5a80000)
  from space 512K, 37% used [0x00000000d5b80000,0x00000000d5bb0000,0x00000000d5c00000)
  to   space 512K, 0% used [0x00000000d5b00000,0x00000000d5b00000,0x00000000d5b80000)
 ParOldGen       total 651776K, used 245624K [0x0000000080000000, 0x00000000a7c80000, 0x00000000d5580000)
  object space 651776K, 37% used [0x0000000080000000,0x000000008efde230,0x00000000a7c80000)
 Metaspace       used 78351K, committed 80000K, reserved 1179648K
  class space    used 8126K, committed 8832K, reserved 1048576K
}

